\BOOKMARK [1][-]{section.1}{Introduction}{}% 1
\BOOKMARK [1][-]{section.2}{Method}{}% 2
\BOOKMARK [2][-]{subsubsection.2.0.1}{Decomposing the cost function}{section.2}% 3
\BOOKMARK [2][-]{subsection.2.1}{Ordinary Least Squares regression}{section.2}% 4
\BOOKMARK [2][-]{subsection.2.2}{Ridge and Lasso regression}{section.2}% 5
\BOOKMARK [2][-]{subsection.2.3}{Implementation}{section.2}% 6
\BOOKMARK [3][-]{subsubsection.2.3.1}{k-fold Cross-Validation}{subsection.2.3}% 7
\BOOKMARK [3][-]{subsubsection.2.3.2}{Standardizing the data}{subsection.2.3}% 8
\BOOKMARK [3][-]{subsubsection.2.3.3}{Linear regression}{subsection.2.3}% 9
\BOOKMARK [1][-]{section.3}{Results}{}% 10
\BOOKMARK [2][-]{subsection.3.1}{The Franke function}{section.3}% 11
\BOOKMARK [3][-]{subsubsection.3.1.1}{Cross-validating}{subsection.3.1}% 12
\BOOKMARK [3][-]{subsubsection.3.1.2}{ Bias-Variance trade-off}{subsection.3.1}% 13
\BOOKMARK [3][-]{subsubsection.3.1.3}{Ridge regression analysis}{subsection.3.1}% 14
\BOOKMARK [3][-]{subsubsection.3.1.4}{Lasso regression analysis}{subsection.3.1}% 15
\BOOKMARK [2][-]{subsection.3.2}{Terrain analysis}{section.3}% 16
\BOOKMARK [3][-]{subsubsection.3.2.1}{Ridge regression}{subsection.3.2}% 17
\BOOKMARK [3][-]{subsubsection.3.2.2}{Lasso}{subsection.3.2}% 18
\BOOKMARK [1][-]{section.4}{Discussion}{}% 19
\BOOKMARK [1][-]{section.5}{Conclusion}{}% 20
